2026-01-27 17:15:03 - Payment Success Callback Received
2026-01-27 17:15:03 - POST Data: {"tran_id":"JOB3417695340858925","val_id":"260127231501IWbW4qt5ZQuA0hF","amount":"500.00","card_type":"BKASH-BKash","store_amount":"487.50","card_no":"","bank_tran_id":"260127231501Mb0qIcuQnXtMLE1","status":"VALID","tran_date":"2026-01-27 23:14:45","error":"","currency":"BDT","card_issuer":"BKash Mobile Banking","card_brand":"MOBILEBANKING","card_sub_brand":"Classic","card_issuer_country":"Bangladesh","card_issuer_country_code":"BD","store_id":"jobve692dab0c4dd17","verify_sign":"597c4385690552429212997731c929c5","verify_key":"amount,bank_tran_id,base_fair,card_brand,card_issuer,card_issuer_country,card_issuer_country_code,card_no,card_sub_brand,card_type,currency,currency_amount,currency_rate,currency_type,error,risk_level,risk_title,status,store_amount,store_id,tran_date,tran_id,val_id,value_a,value_b,value_c,value_d","verify_sign_sha2":"bbfab02297aaee8480dea75c35176d05dd682b5261d0c160288c982f80d68dc6","currency_type":"BDT","currency_amount":"500.00","currency_rate":"1.0000","base_fair":"0.00","value_a":"","value_b":"","value_c":"","value_d":"","subscription_id":"","risk_level":"0","risk_title":"Safe"}
2026-01-27 17:15:03 - Looking for temp file: temp/job_data_19.json
2026-01-27 17:15:03 - Temp file found, reading job data
2026-01-27 17:15:03 - Job data decoded successfully
2026-01-27 17:15:03 - Inserting Job SQL: INSERT INTO `post` (`date`, `eid`, `name`, `category`, `minexp`, `desc`, `salary`, `industry`, `role`, `employmentType`, `status`, `payment_id`, `payment_status`) 
                      VALUES (CURRENT_DATE(), '34', 'Go Developer', '', '3', 'experienced person', 'negotiable', 'Accounting , Finance', 'Software Engineer', 'Permanent', 'pending', '19', 'confirmed')
2026-01-27 17:15:03 - Job inserted successfully with ID: 58
2026-01-28 05:40:09 - Payment Success Callback Received
2026-01-28 05:40:09 - POST Data: {"tran_id":"JOB3417695787896651","val_id":"260128114005M0peZT00OVIBZ2n","amount":"500.00","card_type":"NAGAD-Nagad","store_amount":"487.50","card_no":"","bank_tran_id":"260128114005M3rK76VPV9poe2G","status":"VALID","tran_date":"2026-01-28 11:39:49","error":"","currency":"BDT","card_issuer":"Nagad","card_brand":"MOBILEBANKING","card_sub_brand":"Classic","card_issuer_country":"Bangladesh","card_issuer_country_code":"BD","store_id":"jobve692dab0c4dd17","verify_sign":"50c7e106d1374aa31eafdb08ef4014c8","verify_key":"amount,bank_tran_id,base_fair,card_brand,card_issuer,card_issuer_country,card_issuer_country_code,card_no,card_sub_brand,card_type,currency,currency_amount,currency_rate,currency_type,error,risk_level,risk_title,status,store_amount,store_id,tran_date,tran_id,val_id,value_a,value_b,value_c,value_d","verify_sign_sha2":"32f17b5871c72bcab149545d3330941b0702914ff9ecff6d030ef449bd6419e4","currency_type":"BDT","currency_amount":"500.00","currency_rate":"1.0000","base_fair":"0.00","value_a":"","value_b":"","value_c":"","value_d":"","subscription_id":"","risk_level":"0","risk_title":"Safe"}
2026-01-28 05:40:09 - Looking for temp file: temp/job_data_20.json
2026-01-28 05:40:09 - Temp file found, reading job data
2026-01-28 05:40:09 - Job data decoded successfully
2026-01-28 05:40:09 - Inserting Job SQL: INSERT INTO `post` (`date`, `eid`, `name`, `category`, `minexp`, `desc`, `salary`, `industry`, `role`, `employmentType`, `status`, `payment_id`, `payment_status`) 
                      VALUES (CURRENT_DATE(), '34', 'HR ', '', '3', 'experienced', 'negotiable', 'Accounting , Finance', 'HR', 'Permanent', 'pending', '20', 'confirmed')
2026-01-28 05:40:09 - Job inserted successfully with ID: 59
2026-01-28 06:04:46 - Payment Success Callback Received
2026-01-28 06:04:46 - POST Data: {"tran_id":"JOB3417695802693276","val_id":"260128120443Y6ZgAxKjkogzcuf","amount":"200.00","card_type":"BKASH-BKash","store_amount":"195.00","card_no":"","bank_tran_id":"260128120443snHQMWCKak5YHkL","status":"VALID","tran_date":"2026-01-28 12:04:30","error":"","currency":"BDT","card_issuer":"BKash Mobile Banking","card_brand":"MOBILEBANKING","card_sub_brand":"Classic","card_issuer_country":"Bangladesh","card_issuer_country_code":"BD","store_id":"jobve692dab0c4dd17","verify_sign":"e2bbe0a3c0d665ce359ff939fedfc735","verify_key":"amount,bank_tran_id,base_fair,card_brand,card_issuer,card_issuer_country,card_issuer_country_code,card_no,card_sub_brand,card_type,currency,currency_amount,currency_rate,currency_type,error,risk_level,risk_title,status,store_amount,store_id,tran_date,tran_id,val_id,value_a,value_b,value_c,value_d","verify_sign_sha2":"43df100263fb7ba28b0ad40b8cbc3243599cbba186455597ae2222c21c1d43f9","currency_type":"BDT","currency_amount":"200.00","currency_rate":"1.0000","base_fair":"0.00","value_a":"","value_b":"","value_c":"","value_d":"","subscription_id":"","risk_level":"0","risk_title":"Safe"}
2026-01-28 06:04:46 - Looking for temp file: temp/job_data_22.json
2026-01-28 06:04:46 - Temp file found, reading job data
2026-01-28 06:04:46 - Job data decoded successfully
2026-01-28 06:04:46 - Inserting Job SQL: INSERT INTO `post` (`date`, `eid`, `name`, `category`, `minexp`, `desc`, `salary`, `industry`, `role`, `employmentType`, `status`, `payment_id`, `payment_status`) 
                      VALUES (CURRENT_DATE(), '34', 'House Maid', '', '2', 'experienced', 'negotiable', 'Accounting , Finance', 'maid', 'Permanent', 'pending', '22', 'confirmed')
2026-01-28 06:04:46 - Job inserted successfully with ID: 60
2026-01-28 06:10:56 - Payment Success Callback Received
2026-01-28 06:10:56 - POST Data: {"tran_id":"JOB3417695804855321","val_id":"260128121053AL5k95yv0lS69AM","amount":"500.00","card_type":"BKASH-BKash","store_amount":"487.50","card_no":"","bank_tran_id":"260128121053Q7OjF1Cih8UYqjy","status":"VALID","tran_date":"2026-01-28 12:08:05","error":"","currency":"BDT","card_issuer":"BKash Mobile Banking","card_brand":"MOBILEBANKING","card_sub_brand":"Classic","card_issuer_country":"Bangladesh","card_issuer_country_code":"BD","store_id":"jobve692dab0c4dd17","verify_sign":"1914d601fed3f71c1fa33bec3c5055ef","verify_key":"amount,bank_tran_id,base_fair,card_brand,card_issuer,card_issuer_country,card_issuer_country_code,card_no,card_sub_brand,card_type,currency,currency_amount,currency_rate,currency_type,error,risk_level,risk_title,status,store_amount,store_id,tran_date,tran_id,val_id,value_a,value_b,value_c,value_d","verify_sign_sha2":"d5930e8ea9bd09f124e878aa4a6fb4bd160148bf62e94d0e868cb4fe9ebfc3a3","currency_type":"BDT","currency_amount":"500.00","currency_rate":"1.0000","base_fair":"0.00","value_a":"","value_b":"","value_c":"","value_d":"","subscription_id":"","risk_level":"0","risk_title":"Safe"}
2026-01-28 06:10:56 - Looking for temp file: temp/job_data_23.json
2026-01-28 06:10:56 - Temp file found, reading job data
2026-01-28 06:10:56 - Job data decoded successfully
2026-01-28 06:10:56 - Inserting Job SQL: INSERT INTO `post` (`date`, `eid`, `name`, `category`, `minexp`, `desc`, `salary`, `industry`, `role`, `employmentType`, `status`, `payment_id`, `payment_status`) 
                      VALUES (CURRENT_DATE(), '34', 'Lecturer', '', '2', 'Bsc, Msc', '15000', 'Accounting , Finance', 'Lecturer', 'Permanent', 'pending', '23', 'confirmed')
2026-01-28 06:10:56 - Job inserted successfully with ID: 61
2026-01-28 06:48:23 - Payment Success Callback Received
2026-01-28 06:48:23 - POST Data: {"tran_id":"JOB3717695828869288","val_id":"260128124821szSN0sih9NlkwRL","amount":"500.00","card_type":"DBBLMOBILEB-Dbbl Mobile Banking","store_amount":"487.50","card_no":"","bank_tran_id":"260128124821MvU6BO5QJYUkzG9","status":"VALID","tran_date":"2026-01-28 12:48:06","error":"","currency":"BDT","card_issuer":"DBBL Mobile Banking","card_brand":"MOBILEBANKING","card_sub_brand":"Classic","card_issuer_country":"Bangladesh","card_issuer_country_code":"BD","store_id":"jobve692dab0c4dd17","verify_sign":"6731e3b88e52b1c2dd94caddff318eb4","verify_key":"amount,bank_tran_id,base_fair,card_brand,card_issuer,card_issuer_country,card_issuer_country_code,card_no,card_sub_brand,card_type,currency,currency_amount,currency_rate,currency_type,error,risk_level,risk_title,status,store_amount,store_id,tran_date,tran_id,val_id,value_a,value_b,value_c,value_d","verify_sign_sha2":"768a525416c4a7298b5fa84af17e70f5660a1be6f0a452bda41a68915c374e64","currency_type":"BDT","currency_amount":"500.00","currency_rate":"1.0000","base_fair":"0.00","value_a":"","value_b":"","value_c":"","value_d":"","subscription_id":"","risk_level":"0","risk_title":"Safe"}
2026-01-28 06:48:23 - Looking for temp file: temp/job_data_24.json
2026-01-28 06:48:23 - Temp file found, reading job data
2026-01-28 06:48:23 - Job data decoded successfully
2026-01-28 06:48:23 - Inserting Job SQL: INSERT INTO `post` (`date`, `eid`, `name`, `category`, `minexp`, `desc`, `salary`, `industry`, `role`, `employmentType`, `status`, `payment_id`, `payment_status`) 
                      VALUES (CURRENT_DATE(), '37', 'Go Developer', '', '2', 'experienced', 'negotiable', 'Accounting , Finance', 'Go Developer', 'Permanent', 'pending', '24', 'confirmed')
2026-01-28 06:48:23 - Job inserted successfully with ID: 62
2026-01-28 07:04:55 - Payment Success Callback Received
2026-01-28 07:04:55 - POST Data: {"tran_id":"JOB3717695838724841","val_id":"260128130452Yly2ssl3OZhc0AC","amount":"500.00","card_type":"BKASH-BKash","store_amount":"487.50","card_no":"","bank_tran_id":"260128130452kywKkdv5CZC6uHW","status":"VALID","tran_date":"2026-01-28 13:04:32","error":"","currency":"BDT","card_issuer":"BKash Mobile Banking","card_brand":"MOBILEBANKING","card_sub_brand":"Classic","card_issuer_country":"Bangladesh","card_issuer_country_code":"BD","store_id":"jobve692dab0c4dd17","verify_sign":"3dc74bdd2e5e97e8e00196510707ca9f","verify_key":"amount,bank_tran_id,base_fair,card_brand,card_issuer,card_issuer_country,card_issuer_country_code,card_no,card_sub_brand,card_type,currency,currency_amount,currency_rate,currency_type,error,risk_level,risk_title,status,store_amount,store_id,tran_date,tran_id,val_id,value_a,value_b,value_c,value_d","verify_sign_sha2":"c10478c97e800ed31fa1db37d53b4fe371f2f4b156ea6f5fa152514760915c91","currency_type":"BDT","currency_amount":"500.00","currency_rate":"1.0000","base_fair":"0.00","value_a":"","value_b":"","value_c":"","value_d":"","subscription_id":"","risk_level":"0","risk_title":"Safe"}
2026-01-28 07:04:55 - Looking for temp file: temp/job_data_25.json
2026-01-28 07:04:55 - Temp file found, reading job data
2026-01-28 07:04:55 - Job data decoded successfully
2026-01-28 07:04:55 - Inserting Job SQL: INSERT INTO `post` (`date`, `eid`, `name`, `category`, `minexp`, `desc`, `salary`, `industry`, `role`, `employmentType`, `status`, `payment_id`, `payment_status`) 
                      VALUES (CURRENT_DATE(), '37', 'Tution', '', '1', 'experienced', 'negotiable', 'Accounting , Finance', 'Teacher', 'Permanent', 'pending', '25', 'confirmed')
2026-01-28 07:04:55 - Job inserted successfully with ID: 63
2026-01-29 17:52:05 - Payment Success Callback Received
2026-01-29 17:52:05 - POST Data: {"tran_id":"JOB3817697090999762","val_id":"260129235201I5PZICBrwImwC8S","amount":"200.00","card_type":"BKASH-BKash","store_amount":"195.00","card_no":"","bank_tran_id":"260129235201oQWwLW6RDqfIPPK","status":"VALID","tran_date":"2026-01-29 23:51:40","error":"","currency":"BDT","card_issuer":"BKash Mobile Banking","card_brand":"MOBILEBANKING","card_sub_brand":"Classic","card_issuer_country":"Bangladesh","card_issuer_country_code":"BD","store_id":"jobve692dab0c4dd17","verify_sign":"a5f82f4fbb4fe23ed0cd12e5b20f6f68","verify_key":"amount,bank_tran_id,base_fair,card_brand,card_issuer,card_issuer_country,card_issuer_country_code,card_no,card_sub_brand,card_type,currency,currency_amount,currency_rate,currency_type,error,risk_level,risk_title,status,store_amount,store_id,tran_date,tran_id,val_id,value_a,value_b,value_c,value_d","verify_sign_sha2":"33c8f5d0760e51cdd6100afb4828f566f2111c86a3ba7f5dedbecf0e0d82ca0c","currency_type":"BDT","currency_amount":"200.00","currency_rate":"1.0000","base_fair":"0.00","value_a":"","value_b":"","value_c":"","value_d":"","subscription_id":"","risk_level":"0","risk_title":"Safe"}
2026-01-29 17:52:05 - Looking for temp file: temp/job_data_26.json
2026-01-29 17:52:05 - Temp file found, reading job data
2026-01-29 17:52:05 - Job data decoded successfully
2026-01-29 17:52:05 - Inserting Job SQL: INSERT INTO `post` (`date`, `eid`, `name`, `category`, `minexp`, `desc`, `salary`, `industry`, `role`, `employmentType`, `status`, `payment_id`, `payment_status`) 
                      VALUES (CURRENT_DATE(), '38', 'Beautician ', '', '1', 'Beautician ', '5000', 'Accounting , Finance', 'Beautician ', 'Permanent', 'pending', '26', 'confirmed')
2026-01-29 17:52:05 - Job inserted successfully with ID: 64
2026-01-30 09:45:35 - Payment Success Callback Received
2026-01-30 09:45:35 - POST Data: {"tran_id":"JOB3817697663196929","val_id":"260130154532IP3zrT44OO2zf5f","amount":"200.00","card_type":"BKASH-BKash","store_amount":"195.00","card_no":"","bank_tran_id":"260130154532cdvomElsZJ6MIxl","status":"VALID","tran_date":"2026-01-30 15:45:20","error":"","currency":"BDT","card_issuer":"BKash Mobile Banking","card_brand":"MOBILEBANKING","card_sub_brand":"Classic","card_issuer_country":"Bangladesh","card_issuer_country_code":"BD","store_id":"jobve692dab0c4dd17","verify_sign":"69273adeac7324c19e92f8553d25fc9c","verify_key":"amount,bank_tran_id,base_fair,card_brand,card_issuer,card_issuer_country,card_issuer_country_code,card_no,card_sub_brand,card_type,currency,currency_amount,currency_rate,currency_type,error,risk_level,risk_title,status,store_amount,store_id,tran_date,tran_id,val_id,value_a,value_b,value_c,value_d","verify_sign_sha2":"f98fcd798794e12c4baaccf4d5aca10910d1c7f23123de64569aae8a030f1165","currency_type":"BDT","currency_amount":"200.00","currency_rate":"1.0000","base_fair":"0.00","value_a":"","value_b":"","value_c":"","value_d":"","subscription_id":"","risk_level":"0","risk_title":"Safe"}
2026-01-30 09:45:35 - Looking for temp file: temp/job_data_27.json
2026-01-30 09:45:35 - Temp file found, reading job data
2026-01-30 09:45:35 - Job data decoded successfully
2026-01-30 09:45:35 - Inserting Job SQL: INSERT INTO `post` (`date`, `eid`, `name`, `category`, `minexp`, `desc`, `salary`, `industry`, `role`, `employmentType`, `status`, `payment_id`, `payment_status`) 
                      VALUES (CURRENT_DATE(), '38', 'Beautician ', '', '1', 'Beautician ', '5000', 'Accounting , Finance', 'Beautician ', 'Permanent', 'pending', '27', 'confirmed')
2026-01-30 09:45:35 - Job inserted successfully with ID: 65
2026-01-30 09:57:35 - Payment Success Callback Received
2026-01-30 09:57:35 - POST Data: {"tran_id":"JOB3817697670412523","val_id":"260130155732oXrWTb8ltgKAw5H","amount":"500.00","card_type":"BKASH-BKash","store_amount":"487.50","card_no":"","bank_tran_id":"260130155732AM5Bim2Tlnh7AQV","status":"VALID","tran_date":"2026-01-30 15:57:21","error":"","currency":"BDT","card_issuer":"BKash Mobile Banking","card_brand":"MOBILEBANKING","card_sub_brand":"Classic","card_issuer_country":"Bangladesh","card_issuer_country_code":"BD","store_id":"jobve692dab0c4dd17","verify_sign":"f1d1a7a8931bfe320426e35ec74a0268","verify_key":"amount,bank_tran_id,base_fair,card_brand,card_issuer,card_issuer_country,card_issuer_country_code,card_no,card_sub_brand,card_type,currency,currency_amount,currency_rate,currency_type,error,risk_level,risk_title,status,store_amount,store_id,tran_date,tran_id,val_id,value_a,value_b,value_c,value_d","verify_sign_sha2":"db2978361a7c19e91e48975340a7026ee9c16a05359472d4841a77e89d56fa49","currency_type":"BDT","currency_amount":"500.00","currency_rate":"1.0000","base_fair":"0.00","value_a":"","value_b":"","value_c":"","value_d":"","subscription_id":"","risk_level":"0","risk_title":"Safe"}
2026-01-30 09:57:35 - Looking for temp file: temp/job_data_28.json
2026-01-30 09:57:35 - Temp file found, reading job data
2026-01-30 09:57:35 - Job data decoded successfully
2026-01-30 09:57:35 - Inserting Job SQL: INSERT INTO `post` (`date`, `eid`, `name`, `category`, `minexp`, `desc`, `salary`, `industry`, `role`, `employmentType`, `status`, `payment_id`, `payment_status`) 
                      VALUES (CURRENT_DATE(), '38', 'teacher', '', '1', 'experienced', 'negotiable', 'Accounting , Finance', 'Teacher', 'Permanent', 'pending', '28', 'confirmed')
2026-01-30 09:57:35 - Job inserted successfully with ID: 66
2026-01-30 10:10:54 - Payment Success Callback Received
2026-01-30 10:10:54 - POST Data: {"tran_id":"JOB3717697678404300","val_id":"260130161050IjRWqyx679ociyU","amount":"500.00","card_type":"NAGAD-Nagad","store_amount":"487.50","card_no":"","bank_tran_id":"260130161050QtV9u6qPXAwEjZS","status":"VALID","tran_date":"2026-01-30 16:10:40","error":"","currency":"BDT","card_issuer":"Nagad","card_brand":"MOBILEBANKING","card_sub_brand":"Classic","card_issuer_country":"Bangladesh","card_issuer_country_code":"BD","store_id":"jobve692dab0c4dd17","verify_sign":"2a4b001a00d866566cc16448bab6c7fb","verify_key":"amount,bank_tran_id,base_fair,card_brand,card_issuer,card_issuer_country,card_issuer_country_code,card_no,card_sub_brand,card_type,currency,currency_amount,currency_rate,currency_type,error,risk_level,risk_title,status,store_amount,store_id,tran_date,tran_id,val_id,value_a,value_b,value_c,value_d","verify_sign_sha2":"5c7cd0b1decddc2ad90ae74e80ff8cc153d247c7878c2a75187e88bec470750a","currency_type":"BDT","currency_amount":"500.00","currency_rate":"1.0000","base_fair":"0.00","value_a":"","value_b":"","value_c":"","value_d":"","subscription_id":"","risk_level":"0","risk_title":"Safe"}
2026-01-30 10:10:54 - Looking for temp file: temp/job_data_29.json
2026-01-30 10:10:54 - Temp file found, reading job data
2026-01-30 10:10:54 - Job data decoded successfully
2026-01-30 10:10:54 - Inserting Job SQL: INSERT INTO `post` (`date`, `eid`, `name`, `category`, `minexp`, `desc`, `salary`, `industry`, `role`, `employmentType`, `status`, `payment_id`, `payment_status`) 
                      VALUES (CURRENT_DATE(), '37', 'Web Developer', '', '2', 'experienced', 'negotiable', 'Accounting , Finance', 'Web Developer', 'Permanent', 'pending', '29', 'confirmed')
2026-01-30 10:10:54 - Job inserted successfully with ID: 67
2026-01-30 10:20:31 - Payment Success Callback Received
2026-01-30 10:20:31 - POST Data: {"tran_id":"JOB3717697684201669","val_id":"260130162028waBXahHOfFccYOK","amount":"500.00","card_type":"NAGAD-Nagad","store_amount":"487.50","card_no":"","bank_tran_id":"260130162028ssHMCEi92luYaO6","status":"VALID","tran_date":"2026-01-30 16:20:21","error":"","currency":"BDT","card_issuer":"Nagad","card_brand":"MOBILEBANKING","card_sub_brand":"Classic","card_issuer_country":"Bangladesh","card_issuer_country_code":"BD","store_id":"jobve692dab0c4dd17","verify_sign":"4c2d0cc76eaa4410efc472d7afe12819","verify_key":"amount,bank_tran_id,base_fair,card_brand,card_issuer,card_issuer_country,card_issuer_country_code,card_no,card_sub_brand,card_type,currency,currency_amount,currency_rate,currency_type,error,risk_level,risk_title,status,store_amount,store_id,tran_date,tran_id,val_id,value_a,value_b,value_c,value_d","verify_sign_sha2":"b1ac2fc9438da02da29210931d18ee019a14c7636ad61681b8e16a879166cdaa","currency_type":"BDT","currency_amount":"500.00","currency_rate":"1.0000","base_fair":"0.00","value_a":"","value_b":"","value_c":"","value_d":"","subscription_id":"","risk_level":"0","risk_title":"Safe"}
2026-01-30 10:20:31 - Looking for temp file: temp/job_data_30.json
2026-01-30 10:20:31 - Temp file found, reading job data
2026-01-30 10:20:31 - Job data decoded successfully
2026-01-30 10:20:31 - Inserting Job SQL: INSERT INTO `post` (`date`, `eid`, `name`, `category`, `minexp`, `desc`, `salary`, `industry`, `role`, `employmentType`, `status`, `payment_id`, `payment_status`) 
                      VALUES (CURRENT_DATE(), '37', 'Data Entry', '', '2', 'experienced', 'negotiable', 'Accounting , Finance', 'Data Entry', 'Permanent', 'pending', '30', 'confirmed')
2026-01-30 10:20:31 - Job inserted successfully with ID: 68
2026-01-30 10:25:14 - Payment Success Callback Received
2026-01-30 10:25:14 - POST Data: {"tran_id":"JOB3717697687032177","val_id":"2601301625112EPzZ5FGTZSMK6v","amount":"500.00","card_type":"BKASH-BKash","store_amount":"487.50","card_no":"","bank_tran_id":"260130162511Es23uwvtPnyw3SF","status":"VALID","tran_date":"2026-01-30 16:25:03","error":"","currency":"BDT","card_issuer":"BKash Mobile Banking","card_brand":"MOBILEBANKING","card_sub_brand":"Classic","card_issuer_country":"Bangladesh","card_issuer_country_code":"BD","store_id":"jobve692dab0c4dd17","verify_sign":"b4d12929e0e95dce34514c45c5872266","verify_key":"amount,bank_tran_id,base_fair,card_brand,card_issuer,card_issuer_country,card_issuer_country_code,card_no,card_sub_brand,card_type,currency,currency_amount,currency_rate,currency_type,error,risk_level,risk_title,status,store_amount,store_id,tran_date,tran_id,val_id,value_a,value_b,value_c,value_d","verify_sign_sha2":"81b058a0e00b4f08c118d8071ad5b09683aba46ab64771fcfdc77fff68f51307","currency_type":"BDT","currency_amount":"500.00","currency_rate":"1.0000","base_fair":"0.00","value_a":"","value_b":"","value_c":"","value_d":"","subscription_id":"","risk_level":"0","risk_title":"Safe"}
2026-01-30 10:25:14 - Looking for temp file: temp/job_data_31.json
2026-01-30 10:25:14 - Temp file found, reading job data
2026-01-30 10:25:14 - Job data decoded successfully
2026-01-30 10:25:14 - Inserting Job SQL: INSERT INTO `post` (`date`, `eid`, `name`, `category`, `minexp`, `desc`, `salary`, `industry`, `role`, `employmentType`, `status`, `payment_id`, `payment_status`) 
                      VALUES (CURRENT_DATE(), '37', 'CA', '', '3', 'experienced', 'negotiable', 'Accounting , Finance', 'CA', 'Permanent', 'pending', '31', 'confirmed')
2026-01-30 10:25:14 - Job inserted successfully with ID: 69
2026-01-30 11:08:26 - Payment Success Callback Received
2026-01-30 11:08:26 - POST Data: {"tran_id":"JOB3817697712924146","val_id":"260130170823U1V9OkYkvbmAc1v","amount":"200.00","card_type":"NAGAD-Nagad","store_amount":"195.00","card_no":"","bank_tran_id":"260130170823QFZV3FLheVw2GGJ","status":"VALID","tran_date":"2026-01-30 17:08:12","error":"","currency":"BDT","card_issuer":"Nagad","card_brand":"MOBILEBANKING","card_sub_brand":"Classic","card_issuer_country":"Bangladesh","card_issuer_country_code":"BD","store_id":"jobve692dab0c4dd17","verify_sign":"3b58bd55107b6aedb2963591d6fef6c7","verify_key":"amount,bank_tran_id,base_fair,card_brand,card_issuer,card_issuer_country,card_issuer_country_code,card_no,card_sub_brand,card_type,currency,currency_amount,currency_rate,currency_type,error,risk_level,risk_title,status,store_amount,store_id,tran_date,tran_id,val_id,value_a,value_b,value_c,value_d","verify_sign_sha2":"676c477040e8bf11cd0e86b05b3dccd3132d2c4a5dd2e00cb5bfcd660b95fdf8","currency_type":"BDT","currency_amount":"200.00","currency_rate":"1.0000","base_fair":"0.00","value_a":"","value_b":"","value_c":"","value_d":"","subscription_id":"","risk_level":"0","risk_title":"Safe"}
2026-01-30 11:08:26 - Looking for temp file: temp/job_data_32.json
2026-01-30 11:08:26 - Temp file found, reading job data
2026-01-30 11:08:26 - Job data decoded successfully
2026-01-30 11:08:26 - Inserting Job SQL: INSERT INTO `post` (`date`, `eid`, `name`, `category`, `minexp`, `desc`, `salary`, `industry`, `role`, `employmentType`, `status`, `payment_id`, `payment_status`) 
                      VALUES (CURRENT_DATE(), '38', 'Deliveryman', '', '1', 'good personality', '10000', 'Accounting , Finance', 'Deliveryman', 'Permanent', 'pending', '32', 'confirmed')
2026-01-30 11:08:26 - Job inserted successfully with ID: 70
2026-01-30 11:21:59 - Payment Success Callback Received
2026-01-30 11:21:59 - POST Data: {"tran_id":"JOB3717697721059296","val_id":"260130172156A6YwxF4wnXM8BqL","amount":"500.00","card_type":"BKASH-BKash","store_amount":"487.50","card_no":"","bank_tran_id":"260130172156sdpu3OHEkOoEPTp","status":"VALID","tran_date":"2026-01-30 17:21:45","error":"","currency":"BDT","card_issuer":"BKash Mobile Banking","card_brand":"MOBILEBANKING","card_sub_brand":"Classic","card_issuer_country":"Bangladesh","card_issuer_country_code":"BD","store_id":"jobve692dab0c4dd17","verify_sign":"751d58e31b7f863d7aa2765b07a7c956","verify_key":"amount,bank_tran_id,base_fair,card_brand,card_issuer,card_issuer_country,card_issuer_country_code,card_no,card_sub_brand,card_type,currency,currency_amount,currency_rate,currency_type,error,risk_level,risk_title,status,store_amount,store_id,tran_date,tran_id,val_id,value_a,value_b,value_c,value_d","verify_sign_sha2":"2cd4552a5e6956b6ffe61de7b81764cd12d2eb08e59137c6c9a3e5b87364ce1e","currency_type":"BDT","currency_amount":"500.00","currency_rate":"1.0000","base_fair":"0.00","value_a":"","value_b":"","value_c":"","value_d":"","subscription_id":"","risk_level":"0","risk_title":"Safe"}
2026-01-30 11:21:59 - Looking for temp file: temp/job_data_33.json
2026-01-30 11:21:59 - Temp file found, reading job data
2026-01-30 11:21:59 - Job data decoded successfully
2026-01-30 11:21:59 - Inserting Job SQL: INSERT INTO `post` (`date`, `eid`, `name`, `category`, `minexp`, `desc`, `salary`, `industry`, `role`, `employmentType`, `status`, `payment_id`, `payment_status`) 
                      VALUES (CURRENT_DATE(), '37', 'HR', '', '1', 'experienced', 'negotiable', '', 'HR', 'Permanent', 'pending', '33', 'confirmed')
2026-01-30 11:21:59 - Job inserted successfully with ID: 71
2026-01-30 11:26:17 - Payment Success Callback Received
2026-01-30 11:26:17 - POST Data: {"tran_id":"JOB3717697723675643","val_id":"260130172614cCpn9bxhL7MiGjz","amount":"500.00","card_type":"NAGAD-Nagad","store_amount":"487.50","card_no":"","bank_tran_id":"260130172614UtYa3AUmTp66ZsE","status":"VALID","tran_date":"2026-01-30 17:26:08","error":"","currency":"BDT","card_issuer":"Nagad","card_brand":"MOBILEBANKING","card_sub_brand":"Classic","card_issuer_country":"Bangladesh","card_issuer_country_code":"BD","store_id":"jobve692dab0c4dd17","verify_sign":"e3c336d271e7b48c1dc670ba53538133","verify_key":"amount,bank_tran_id,base_fair,card_brand,card_issuer,card_issuer_country,card_issuer_country_code,card_no,card_sub_brand,card_type,currency,currency_amount,currency_rate,currency_type,error,risk_level,risk_title,status,store_amount,store_id,tran_date,tran_id,val_id,value_a,value_b,value_c,value_d","verify_sign_sha2":"1cfdff458388f96ea15ec31b2d4bc11c897745122b7c9b0e8f72bcaa8cfdcfdc","currency_type":"BDT","currency_amount":"500.00","currency_rate":"1.0000","base_fair":"0.00","value_a":"","value_b":"","value_c":"","value_d":"","subscription_id":"","risk_level":"0","risk_title":"Safe"}
2026-01-30 11:26:17 - Looking for temp file: temp/job_data_34.json
2026-01-30 11:26:17 - Temp file found, reading job data
2026-01-30 11:26:17 - Job data decoded successfully
2026-01-30 11:26:17 - Inserting Job SQL: INSERT INTO `post` (`date`, `eid`, `name`, `category`, `minexp`, `desc`, `salary`, `industry`, `role`, `employmentType`, `status`, `payment_id`, `payment_status`) 
                      VALUES (CURRENT_DATE(), '37', 'Data Scientist', '', '2', 'experienced', 'negotiable', '', 'data scientist', 'Permanent', 'pending', '34', 'confirmed')
2026-01-30 11:26:17 - Job inserted successfully with ID: 72
2026-01-30 11:33:04 - Payment Success Callback Received
2026-01-30 11:33:04 - POST Data: {"tran_id":"JOB3717697727735977","val_id":"260130173301wpKhOvdZKWRkXjw","amount":"200.00","card_type":"BKASH-BKash","store_amount":"195.00","card_no":"","bank_tran_id":"260130173301whNfuHD3z2KctLI","status":"VALID","tran_date":"2026-01-30 17:32:54","error":"","currency":"BDT","card_issuer":"BKash Mobile Banking","card_brand":"MOBILEBANKING","card_sub_brand":"Classic","card_issuer_country":"Bangladesh","card_issuer_country_code":"BD","store_id":"jobve692dab0c4dd17","verify_sign":"3679412860a1c8145419b4f09ae1df5a","verify_key":"amount,bank_tran_id,base_fair,card_brand,card_issuer,card_issuer_country,card_issuer_country_code,card_no,card_sub_brand,card_type,currency,currency_amount,currency_rate,currency_type,error,risk_level,risk_title,status,store_amount,store_id,tran_date,tran_id,val_id,value_a,value_b,value_c,value_d","verify_sign_sha2":"021039995fdf3b4db137aa2d16d843f6dfb6fd036316a52246ce717808d012e2","currency_type":"BDT","currency_amount":"200.00","currency_rate":"1.0000","base_fair":"0.00","value_a":"","value_b":"","value_c":"","value_d":"","subscription_id":"","risk_level":"0","risk_title":"Safe"}
2026-01-30 11:33:04 - Looking for temp file: temp/job_data_35.json
2026-01-30 11:33:04 - Temp file found, reading job data
2026-01-30 11:33:04 - Job data decoded successfully
2026-01-30 11:33:04 - Inserting Job SQL: INSERT INTO `post` (`date`, `eid`, `name`, `category`, `minexp`, `desc`, `salary`, `industry`, `role`, `employmentType`, `status`, `payment_id`, `payment_status`) 
                      VALUES (CURRENT_DATE(), '37', 'Barber', '', '1', 'experienced', 'negotiable', '', 'Barber', 'Permanent', 'pending', '35', 'confirmed')
2026-01-30 11:33:04 - Job inserted successfully with ID: 73
2026-01-30 11:39:33 - Payment Success Callback Received
2026-01-30 11:39:33 - POST Data: {"tran_id":"JOB3717697731585465","val_id":"2601301739302jz2A25hVnbA0gc","amount":"500.00","card_type":"BKASH-BKash","store_amount":"487.50","card_no":"","bank_tran_id":"260130173930sHnkODMQpo9kD6D","status":"VALID","tran_date":"2026-01-30 17:39:19","error":"","currency":"BDT","card_issuer":"BKash Mobile Banking","card_brand":"MOBILEBANKING","card_sub_brand":"Classic","card_issuer_country":"Bangladesh","card_issuer_country_code":"BD","store_id":"jobve692dab0c4dd17","verify_sign":"5bf6bfe21ec89228388f5359d9851194","verify_key":"amount,bank_tran_id,base_fair,card_brand,card_issuer,card_issuer_country,card_issuer_country_code,card_no,card_sub_brand,card_type,currency,currency_amount,currency_rate,currency_type,error,risk_level,risk_title,status,store_amount,store_id,tran_date,tran_id,val_id,value_a,value_b,value_c,value_d","verify_sign_sha2":"7bd7d750e665fcf7f324708cfda82904d655681d5f7ef5bcddbf79d5366c6033","currency_type":"BDT","currency_amount":"500.00","currency_rate":"1.0000","base_fair":"0.00","value_a":"","value_b":"","value_c":"","value_d":"","subscription_id":"","risk_level":"0","risk_title":"Safe"}
2026-01-30 11:39:33 - Looking for temp file: temp/job_data_36.json
2026-01-30 11:39:33 - Temp file found, reading job data
2026-01-30 11:39:33 - Job data decoded successfully
2026-01-30 11:39:33 - Inserting Job SQL: INSERT INTO `post` (`date`, `eid`, `name`, `category`, `minexp`, `desc`, `salary`, `industry`, `role`, `employmentType`, `status`, `payment_id`, `payment_status`) 
                      VALUES (CURRENT_DATE(), '37', 'prompt engineer', '', '1', 'experienced', 'negotiable', '', 'prompt engineer', 'Permanent', 'pending', '36', 'confirmed')
2026-01-30 11:39:33 - Job inserted successfully with ID: 74
2026-01-30 11:56:18 - Payment Success Callback Received
2026-01-30 11:56:18 - POST Data: {"tran_id":"JOB3817697741693883","val_id":"260130175616QT8W1agpTlEAgU3","amount":"500.00","card_type":"NAGAD-Nagad","store_amount":"487.50","card_no":"","bank_tran_id":"260130175616ED1bCQb9Y6QnTE7","status":"VALID","tran_date":"2026-01-30 17:56:09","error":"","currency":"BDT","card_issuer":"Nagad","card_brand":"MOBILEBANKING","card_sub_brand":"Classic","card_issuer_country":"Bangladesh","card_issuer_country_code":"BD","store_id":"jobve692dab0c4dd17","verify_sign":"b6a4eda206aee0537b20a4bc3a90f0be","verify_key":"amount,bank_tran_id,base_fair,card_brand,card_issuer,card_issuer_country,card_issuer_country_code,card_no,card_sub_brand,card_type,currency,currency_amount,currency_rate,currency_type,error,risk_level,risk_title,status,store_amount,store_id,tran_date,tran_id,val_id,value_a,value_b,value_c,value_d","verify_sign_sha2":"cb89cdd928785259e08b59f88a07d3763a4224a8c45dca6957b4a73c7ebc4d6b","currency_type":"BDT","currency_amount":"500.00","currency_rate":"1.0000","base_fair":"0.00","value_a":"","value_b":"","value_c":"","value_d":"","subscription_id":"","risk_level":"0","risk_title":"Safe"}
2026-01-30 11:56:18 - Looking for temp file: temp/job_data_37.json
2026-01-30 11:56:18 - Temp file found, reading job data
2026-01-30 11:56:18 - Job data decoded successfully
2026-01-30 11:56:18 - Inserting Job SQL: INSERT INTO `post` (`date`, `eid`, `name`, `category`, `minexp`, `desc`, `salary`, `industry`, `role`, `employmentType`, `status`, `payment_id`, `payment_status`) 
                      VALUES (CURRENT_DATE(), '38', 'python developer', '', '2', 'experienced', 'negotiable', '', 'python developer', 'Permanent', 'pending', '37', 'confirmed')
2026-01-30 11:56:18 - Job inserted successfully with ID: 75
2026-01-30 12:05:18 - Payment Success Callback Received
2026-01-30 12:05:18 - POST Data: {"tran_id":"JOB3717697747069026","val_id":"2601301805156kC9bsfyc2UCSJB","amount":"500.00","card_type":"BKASH-BKash","store_amount":"487.50","card_no":"","bank_tran_id":"260130180515czCjijkUrswwEz3","status":"VALID","tran_date":"2026-01-30 18:05:06","error":"","currency":"BDT","card_issuer":"BKash Mobile Banking","card_brand":"MOBILEBANKING","card_sub_brand":"Classic","card_issuer_country":"Bangladesh","card_issuer_country_code":"BD","store_id":"jobve692dab0c4dd17","verify_sign":"13d139303000642c9745e2ca3d47411a","verify_key":"amount,bank_tran_id,base_fair,card_brand,card_issuer,card_issuer_country,card_issuer_country_code,card_no,card_sub_brand,card_type,currency,currency_amount,currency_rate,currency_type,error,risk_level,risk_title,status,store_amount,store_id,tran_date,tran_id,val_id,value_a,value_b,value_c,value_d","verify_sign_sha2":"6480ee535b6b6acc963a47723482b1720f7bdb8ea1b45f4dce4a819b84784f94","currency_type":"BDT","currency_amount":"500.00","currency_rate":"1.0000","base_fair":"0.00","value_a":"","value_b":"","value_c":"","value_d":"","subscription_id":"","risk_level":"0","risk_title":"Safe"}
2026-01-30 12:05:18 - Looking for temp file: temp/job_data_38.json
2026-01-30 12:05:18 - Temp file found, reading job data
2026-01-30 12:05:18 - Job data decoded successfully
2026-01-30 12:05:18 - Inserting Job SQL: INSERT INTO `post` (`date`, `eid`, `name`, `category`, `minexp`, `desc`, `salary`, `industry`, `role`, `employmentType`, `status`, `payment_id`, `payment_status`) 
                      VALUES (CURRENT_DATE(), '37', 'javascript developer', '', '2', 'experienced', '20000', 'Accounting , Finance', 'javascript developer', 'Permanent', 'pending', '38', 'confirmed')
2026-01-30 12:05:18 - Job inserted successfully with ID: 76
